Using pre-set license
Built from '2020.3/staging' branch; Version is '2020.3.21f1 (a38c86f6690f) revision 10718342'; Using compiler version '192528614'; Build Type 'Release'
OS: 'Windows 10 Home; OS build 19043.1586; Version 2009; 64bit' Language: 'en' Physical Memory: 32688 MB
BatchMode: 1, IsHumanControllingUs: 0, StartBugReporterOnCrash: 0, Is64bit: 1, IsPro: 0

COMMAND LINE ARGUMENTS:
A:\Unity\2020.3.21f1\Editor\Unity.exe
-adb2
-batchMode
-noUpm
-name
AssetImportWorker0
-projectPath
A:/Documents/CS4483/Group Game/repo/UnwrittenGame/UnwrittenGame
-logFile
Logs/AssetImportWorker0.log
-srvPort
54008
Successfully changed project path to: A:/Documents/CS4483/Group Game/repo/UnwrittenGame/UnwrittenGame
A:/Documents/CS4483/Group Game/repo/UnwrittenGame/UnwrittenGame
Using Asset Import Pipeline V2.
Refreshing native plugins compatible for Editor in 71.86 ms, found 2 plugins.
Preloading 0 native plugins for Editor in 0.00 ms.
Initialize engine version: 2020.3.21f1 (a38c86f6690f)
[Subsystems] Discovering subsystems at path A:/Unity/2020.3.21f1/Editor/Data/Resources/UnitySubsystems
[Subsystems] Discovering subsystems at path A:/Documents/CS4483/Group Game/repo/UnwrittenGame/UnwrittenGame/Assets
GfxDevice: creating device client; threaded=0
Direct3D:
    Version:  Direct3D 11.0 [level 11.1]
    Renderer: Radeon RX 580 Series (ID=0x67df)
    Vendor:   
    VRAM:     8171 MB
    Driver:   30.0.13023.4001
Initialize mono
Mono path[0] = 'A:/Unity/2020.3.21f1/Editor/Data/Managed'
Mono path[1] = 'A:/Unity/2020.3.21f1/Editor/Data/MonoBleedingEdge/lib/mono/unityjit'
Mono config path = 'A:/Unity/2020.3.21f1/Editor/Data/MonoBleedingEdge/etc'
Using monoOptions --debugger-agent=transport=dt_socket,embedding=1,server=y,suspend=n,address=127.0.0.1:56632
Begin MonoManager ReloadAssembly
Registering precompiled unity dll's ...
Register platform support module: A:/Unity/2020.3.21f1/Editor/Data/PlaybackEngines/WindowsStandaloneSupport/UnityEditor.WindowsStandalone.Extensions.dll
Registered in 0.001482 seconds.
Native extension for WindowsStandalone target not found
Refreshing native plugins compatible for Editor in 75.13 ms, found 2 plugins.
Preloading 0 native plugins for Editor in 0.00 ms.
Mono: successfully reloaded assembly
- Completed reload, in  1.485 seconds
Domain Reload Profiling:
	ReloadAssembly (1485ms)
		BeginReloadAssembly (87ms)
			ExecutionOrderSort (0ms)
			DisableScriptedObjects (0ms)
			BackupInstance (0ms)
			ReleaseScriptingObjects (0ms)
			CreateAndSetChildDomain (1ms)
		EndReloadAssembly (531ms)
			LoadAssemblies (87ms)
			RebuildTransferFunctionScriptingTraits (0ms)
			SetupTypeCache (160ms)
			ReleaseScriptCaches (0ms)
			RebuildScriptCaches (32ms)
			SetupLoadedEditorAssemblies (214ms)
				LogAssemblyErrors (0ms)
				InitializePlatformSupportModulesInManaged (4ms)
				SetLoadedEditorAssemblies (0ms)
				RefreshPlugins (75ms)
				BeforeProcessingInitializeOnLoad (8ms)
				ProcessInitializeOnLoadAttributes (91ms)
				ProcessInitializeOnLoadMethodAttributes (35ms)
				AfterProcessingInitializeOnLoad (0ms)
				EditorAssembliesLoaded (0ms)
			ExecutionOrderSort2 (0ms)
			AwakeInstancesAfterBackupRestoration (0ms)
Platform modules already initialized, skipping
Registering precompiled user dll's ...
Registered in 0.007655 seconds.
Begin MonoManager ReloadAssembly
Native extension for WindowsStandalone target not found
Refreshing native plugins compatible for Editor in 73.90 ms, found 2 plugins.
Preloading 0 native plugins for Editor in 0.00 ms.
Mono: successfully reloaded assembly
- Completed reload, in  1.374 seconds
Domain Reload Profiling:
	ReloadAssembly (1376ms)
		BeginReloadAssembly (196ms)
			ExecutionOrderSort (0ms)
			DisableScriptedObjects (6ms)
			BackupInstance (0ms)
			ReleaseScriptingObjects (0ms)
			CreateAndSetChildDomain (21ms)
		EndReloadAssembly (1106ms)
			LoadAssemblies (147ms)
			RebuildTransferFunctionScriptingTraits (0ms)
			SetupTypeCache (372ms)
			ReleaseScriptCaches (1ms)
			RebuildScriptCaches (59ms)
			SetupLoadedEditorAssemblies (417ms)
				LogAssemblyErrors (0ms)
				InitializePlatformSupportModulesInManaged (4ms)
				SetLoadedEditorAssemblies (0ms)
				RefreshPlugins (74ms)
				BeforeProcessingInitializeOnLoad (92ms)
				ProcessInitializeOnLoadAttributes (228ms)
				ProcessInitializeOnLoadMethodAttributes (16ms)
				AfterProcessingInitializeOnLoad (3ms)
				EditorAssembliesLoaded (0ms)
			ExecutionOrderSort2 (0ms)
			AwakeInstancesAfterBackupRestoration (8ms)
Platform modules already initialized, skipping
========================================================================
Worker process is ready to serve import requests
Launched and connected shader compiler UnityShaderCompiler.exe after 0.07 seconds
Refreshing native plugins compatible for Editor in 0.82 ms, found 2 plugins.
Preloading 0 native plugins for Editor in 0.00 ms.
Unloading 3024 Unused Serialized files (Serialized files now loaded: 0)
System memory in use before: 241.6 MB.
System memory in use after: 241.8 MB.

Unloading 25 unused Assets to reduce memory usage. Loaded Objects now: 3481.
Total: 4.433900 ms (FindLiveObjects: 0.384800 ms CreateObjectMapping: 0.099600 ms MarkObjects: 3.812600 ms  DeleteObjects: 0.135100 ms)

AssetImportParameters requested are different than current active one (requested -> active):
  custom:framework-win-MediaFoundation: 216162199b28c13a410421893ffa2e32 -> 
  custom:video-decoder-ogg-theora: a1e56fd34408186e4bbccfd4996cb3dc -> 
  custom:container-muxer-webm: aa71ff27fc2769a1b78a27578f13a17b -> 
  custom:container-demuxer-webm: 4f35f7cbe854078d1ac9338744f61a02 -> 
  custom:container-demuxer-ogg: 62fdf1f143b41e24485cea50d1cbac27 -> 
  custom:video-encoder-webm-vp8: eb34c28f22e8b96e1ab97ce403110664 -> 
  custom:video-decoder-webm-vp8: 9c59270c3fd7afecdb556c50c9e8de78 -> 
  custom:audio-decoder-ogg-vorbis: bf7c407c2cedff20999df2af8eb42d56 -> 
  custom:audio-encoder-webm-vorbis: bf7c407c2cedff20999df2af8eb42d56 -> 
========================================================================
Received Import Request.
  path: Assets/New Terrain 2.asset
  artifactKey: Guid(1406b72f48a2df04e9fb4fc5932c3c89) Importer(815301076,1909f56bfc062723c751e8b465ee728b)
Start importing Assets/New Terrain 2.asset using Guid(1406b72f48a2df04e9fb4fc5932c3c89) Importer(815301076,1909f56bfc062723c751e8b465ee728b)  -> (artifact id: '97c562c3dc1dbf6de0ebb2dbe57e1e42') in 0.046301 seconds 
  Import took 0.051688 seconds .

========================================================================
Received Import Request.
  Time since last request: 0.000256 seconds.
  path: Assets/New Terrain 3.asset
  artifactKey: Guid(9e900467b543e2743a0842767366b896) Importer(815301076,1909f56bfc062723c751e8b465ee728b)
Start importing Assets/New Terrain 3.asset using Guid(9e900467b543e2743a0842767366b896) Importer(815301076,1909f56bfc062723c751e8b465ee728b)  -> (artifact id: 'eec77b075e76d017ac949582395fd708') in 0.075183 seconds 
  Import took 0.081407 seconds .

========================================================================
Received Import Request.
  Time since last request: 0.000242 seconds.
  path: Assets/New Terrain 4.asset
  artifactKey: Guid(3561e84272095104b8a4366f7f064ba6) Importer(815301076,1909f56bfc062723c751e8b465ee728b)
Start importing Assets/New Terrain 4.asset using Guid(3561e84272095104b8a4366f7f064ba6) Importer(815301076,1909f56bfc062723c751e8b465ee728b)  -> (artifact id: '0c178ba46245212695d57b7df6a58fd9') in 0.007763 seconds 
  Import took 0.012323 seconds .

========================================================================
Received Import Request.
  Time since last request: 0.000248 seconds.
  path: Assets/New Terrain.asset
  artifactKey: Guid(8017cbeb68e24694399034702e783d8c) Importer(815301076,1909f56bfc062723c751e8b465ee728b)
Start importing Assets/New Terrain.asset using Guid(8017cbeb68e24694399034702e783d8c) Importer(815301076,1909f56bfc062723c751e8b465ee728b)  -> (artifact id: '18a8196365dbb3c9130cdc5dcbafef0f') in 0.008740 seconds 
  Import took 0.013458 seconds .

========================================================================
Received Import Request.
  Time since last request: 0.000254 seconds.
  path: Assets/New Terrain 1.asset
  artifactKey: Guid(fb38d7a8f70bd9e489c064339c6dc2f8) Importer(815301076,1909f56bfc062723c751e8b465ee728b)
Start importing Assets/New Terrain 1.asset using Guid(fb38d7a8f70bd9e489c064339c6dc2f8) Importer(815301076,1909f56bfc062723c751e8b465ee728b)  -> (artifact id: 'f8e5cd875097784c834667d926898185') in 0.008959 seconds 
  Import took 0.014115 seconds .

========================================================================
Received Import Request.
  Time since last request: 9.596058 seconds.
  path: Assets/Materials/Alex's Material.mat
  artifactKey: Guid(99d7923775f1c9c4cbce75ae3cba6a83) Importer(815301076,1909f56bfc062723c751e8b465ee728b)
Start importing Assets/Materials/Alex's Material.mat using Guid(99d7923775f1c9c4cbce75ae3cba6a83) Importer(815301076,1909f56bfc062723c751e8b465ee728b)  -> (artifact id: '1aaec733f0604a0603b53900623fa768') in 0.073869 seconds 
  Import took 0.082319 seconds .

========================================================================
Received Import Request.
  Time since last request: 0.000268 seconds.
  path: Assets/AllSkyFree/Cold Sunset/Cold Sunset Equirect.mat
  artifactKey: Guid(01f4eb1c73693428d923f1520032e7f9) Importer(815301076,1909f56bfc062723c751e8b465ee728b)
Start importing Assets/AllSkyFree/Cold Sunset/Cold Sunset Equirect.mat using Guid(01f4eb1c73693428d923f1520032e7f9) Importer(815301076,1909f56bfc062723c751e8b465ee728b)  -> (artifact id: 'acd4b3c570bef8c0ad488b5091e2e1d8') in 0.287503 seconds 
  Import took 0.294229 seconds .

========================================================================
Received Import Request.
  Time since last request: 0.000239 seconds.
  path: Assets/ExampleAssets/Materials/DryWall_Mat.mat
  artifactKey: Guid(a68228c24abfa2f4b8954d7b0148f799) Importer(815301076,1909f56bfc062723c751e8b465ee728b)
Start importing Assets/ExampleAssets/Materials/DryWall_Mat.mat using Guid(a68228c24abfa2f4b8954d7b0148f799) Importer(815301076,1909f56bfc062723c751e8b465ee728b)  -> (artifact id: '9dc1e7fd075309bd4a61df9b8ea62533') in 0.016100 seconds 
  Import took 0.021589 seconds .

========================================================================
Received Import Request.
  Time since last request: 0.000241 seconds.
  path: Assets/AllSkyFree/Epic_BlueSunset/Epic_BlueSunset Equirect.mat
  artifactKey: Guid(cdbb40e11399e4a17882ada20a1b896a) Importer(815301076,1909f56bfc062723c751e8b465ee728b)
Start importing Assets/AllSkyFree/Epic_BlueSunset/Epic_BlueSunset Equirect.mat using Guid(cdbb40e11399e4a17882ada20a1b896a) Importer(815301076,1909f56bfc062723c751e8b465ee728b)  -> (artifact id: '4906d45fcd8b3ffd070b00e0a56f8d11') in 0.036318 seconds 
  Import took 0.042946 seconds .

========================================================================
Received Import Request.
  Time since last request: 0.000244 seconds.
  path: Assets/AllSkyFree/Cold Sunset/Materials/Cold Sunset Equirect.mat
  artifactKey: Guid(b3cac6f2fb61b1c4e8548160102d32c4) Importer(815301076,1909f56bfc062723c751e8b465ee728b)
Start importing Assets/AllSkyFree/Cold Sunset/Materials/Cold Sunset Equirect.mat using Guid(b3cac6f2fb61b1c4e8548160102d32c4) Importer(815301076,1909f56bfc062723c751e8b465ee728b)  -> (artifact id: 'f1c48ece24e08de15b169de4cec20afa') in 0.038849 seconds 
  Import took 0.045416 seconds .

========================================================================
Received Import Request.
  Time since last request: 0.000218 seconds.
  path: Assets/ExampleAssets/Materials/ConstructionLight_Mat.mat
  artifactKey: Guid(49076442eeb7e054b8e8869f8b40656d) Importer(815301076,1909f56bfc062723c751e8b465ee728b)
Start importing Assets/ExampleAssets/Materials/ConstructionLight_Mat.mat using Guid(49076442eeb7e054b8e8869f8b40656d) Importer(815301076,1909f56bfc062723c751e8b465ee728b)  -> (artifact id: '8a5567c2348aa876683accddde8c7d7a') in 0.014471 seconds 
  Import took 0.019527 seconds .

========================================================================
Received Import Request.
  Time since last request: 0.000266 seconds.
  path: Assets/AllSkyFree/Epic_GloriousPink/Epic_GloriousPink Equirect.mat
  artifactKey: Guid(fe4e130f9947345a2b213cb5038851a2) Importer(815301076,1909f56bfc062723c751e8b465ee728b)
Start importing Assets/AllSkyFree/Epic_GloriousPink/Epic_GloriousPink Equirect.mat using Guid(fe4e130f9947345a2b213cb5038851a2) Importer(815301076,1909f56bfc062723c751e8b465ee728b)  -> (artifact id: '31b9fa721cd3072806a304c53f3ff022') in 0.041590 seconds 
  Import took 0.048177 seconds .

========================================================================
Received Import Request.
  Time since last request: 0.000241 seconds.
  path: Assets/ExampleAssets/Models/safetygoggles_low.fbx
  artifactKey: Guid(6296e48663fd7ad46b1a2af507f871cf) Importer(815301076,1909f56bfc062723c751e8b465ee728b)
Start importing Assets/ExampleAssets/Models/safetygoggles_low.fbx using Guid(6296e48663fd7ad46b1a2af507f871cf) Importer(815301076,1909f56bfc062723c751e8b465ee728b)  -> (artifact id: '883cbeea656c10a6849356629d4d166e') in 0.107220 seconds 
  Import took 0.112288 seconds .

========================================================================
Received Import Request.
  Time since last request: 0.000416 seconds.
  path: Assets/AllSkyFree/Overcast Low/Materials/AllSky_Overcast4_Low.mat
  artifactKey: Guid(fceeaaa53479c3641b814e4d4070cc44) Importer(815301076,1909f56bfc062723c751e8b465ee728b)
Start importing Assets/AllSkyFree/Overcast Low/Materials/AllSky_Overcast4_Low.mat using Guid(fceeaaa53479c3641b814e4d4070cc44) Importer(815301076,1909f56bfc062723c751e8b465ee728b)  -> (artifact id: 'b16c3260e388340df68ded78b607ca27') in 0.037003 seconds 
  Import took 0.046569 seconds .

========================================================================
Received Import Request.
  Time since last request: 0.000235 seconds.
  path: Assets/Conifers [BOTD]/Render Pipeline Support/Built-in RP/CTI Runtime Components/Default Components/Resources/CTI_default_billboard_material.mat
  artifactKey: Guid(6da1894adda584f759ccf5e4d9ada5bf) Importer(815301076,1909f56bfc062723c751e8b465ee728b)
Start importing Assets/Conifers [BOTD]/Render Pipeline Support/Built-in RP/CTI Runtime Components/Default Components/Resources/CTI_default_billboard_material.mat using Guid(6da1894adda584f759ccf5e4d9ada5bf) Importer(815301076,1909f56bfc062723c751e8b465ee728b)  -> (artifact id: '636af68f5c3ebd34fa837f8d1f2e4c1a') in 0.011330 seconds 
  Import took 0.016715 seconds .

========================================================================
Received Import Request.
  Time since last request: 0.000242 seconds.
  path: Assets/AllSkyFree/Epic_GloriousPink/Materials/Epic_GloriousPink_EquiRect.mat
  artifactKey: Guid(42350e0fa6a6cdb48b6de0e8b7b31280) Importer(815301076,1909f56bfc062723c751e8b465ee728b)
Start importing Assets/AllSkyFree/Epic_GloriousPink/Materials/Epic_GloriousPink_EquiRect.mat using Guid(42350e0fa6a6cdb48b6de0e8b7b31280) Importer(815301076,1909f56bfc062723c751e8b465ee728b)  -> (artifact id: '79bd89299a89036bf51b296863c5476e') in 0.039438 seconds 
  Import took 0.046918 seconds .

========================================================================
Received Import Request.
  Time since last request: 0.000349 seconds.
  path: Assets/ExampleAssets/Models/hammer_low.fbx
  artifactKey: Guid(68a66fb5a71f8204a8dcb613c97d1fa8) Importer(815301076,1909f56bfc062723c751e8b465ee728b)
Start importing Assets/ExampleAssets/Models/hammer_low.fbx using Guid(68a66fb5a71f8204a8dcb613c97d1fa8) Importer(815301076,1909f56bfc062723c751e8b465ee728b)  -> (artifact id: 'f5d3351b3b60744e82ebc4d20c3ecfcb') in 0.026957 seconds 
  Import took 0.032228 seconds .

========================================================================
Received Import Request.
  Time since last request: 0.000333 seconds.
  path: Assets/ExampleAssets/Models/Stud.fbx
  artifactKey: Guid(34624edaccd9d704a95ed404d919b492) Importer(815301076,1909f56bfc062723c751e8b465ee728b)
Start importing Assets/ExampleAssets/Models/Stud.fbx using Guid(34624edaccd9d704a95ed404d919b492) Importer(815301076,1909f56bfc062723c751e8b465ee728b)  -> (artifact id: 'c6313daa7fd8503ee88d630eb036118a') in 0.044268 seconds 
  Import took 0.050336 seconds .

========================================================================
Received Import Request.
  Time since last request: 0.000217 seconds.
  path: Assets/ExampleAssets/Models/jigsaw_low.fbx
  artifactKey: Guid(8b73e8872ca76104bbca4ee2b704a1b4) Importer(815301076,1909f56bfc062723c751e8b465ee728b)
Start importing Assets/ExampleAssets/Models/jigsaw_low.fbx using Guid(8b73e8872ca76104bbca4ee2b704a1b4) Importer(815301076,1909f56bfc062723c751e8b465ee728b)  -> (artifact id: 'a609213de91a1f26a27193a6c35e5597') in 0.025381 seconds 
  Import took 0.030911 seconds .

========================================================================
Received Import Request.
  Time since last request: 0.000288 seconds.
  path: Assets/ExampleAssets/Models/magneticlevel_low.fbx
  artifactKey: Guid(bae110eee250e4b418b188f4ae4e3170) Importer(815301076,1909f56bfc062723c751e8b465ee728b)
Start importing Assets/ExampleAssets/Models/magneticlevel_low.fbx using Guid(bae110eee250e4b418b188f4ae4e3170) Importer(815301076,1909f56bfc062723c751e8b465ee728b)  -> (artifact id: '4156ebe6203ed55db9ec97ea7167b302') in 0.041864 seconds 
  Import took 0.047480 seconds .

========================================================================
Received Import Request.
  Time since last request: 0.000283 seconds.
  path: Assets/AllSkyFree/Epic_BlueSunset/Materials/Epic_BlueSunset_EquiRect_flat.mat
  artifactKey: Guid(87590a47f9e4365438aa0f5235bbc307) Importer(815301076,1909f56bfc062723c751e8b465ee728b)
Start importing Assets/AllSkyFree/Epic_BlueSunset/Materials/Epic_BlueSunset_EquiRect_flat.mat using Guid(87590a47f9e4365438aa0f5235bbc307) Importer(815301076,1909f56bfc062723c751e8b465ee728b)  -> (artifact id: '4f669565e0205aa947e848a9299faffe') in 0.043911 seconds 
  Import took 0.050670 seconds .

========================================================================
Received Import Request.
  Time since last request: 0.000221 seconds.
  path: Assets/Materials/Bright Red.mat
  artifactKey: Guid(e9e3262fd52d8fa409851796916773f8) Importer(815301076,1909f56bfc062723c751e8b465ee728b)
Start importing Assets/Materials/Bright Red.mat using Guid(e9e3262fd52d8fa409851796916773f8) Importer(815301076,1909f56bfc062723c751e8b465ee728b)  -> (artifact id: '1ad3fd91a83c80131470772ea5d7f924') in 0.011488 seconds 
  Import took 0.016836 seconds .

========================================================================
Received Import Request.
  Time since last request: 0.000239 seconds.
  path: Assets/AllSkyFree/Epic_BlueSunset/Epic_BlueSunset.mat
  artifactKey: Guid(7416536dbe0334cfd888dd1beb75a9fb) Importer(815301076,1909f56bfc062723c751e8b465ee728b)
Start importing Assets/AllSkyFree/Epic_BlueSunset/Epic_BlueSunset.mat using Guid(7416536dbe0334cfd888dd1beb75a9fb) Importer(815301076,1909f56bfc062723c751e8b465ee728b)  -> (artifact id: '3a186c5149ae23e6ea445e128eb3c7d4') in 0.035255 seconds 
  Import took 0.041218 seconds .

========================================================================
Received Import Request.
  Time since last request: 0.000227 seconds.
  path: Assets/ExampleAssets/Models/brush_low.fbx
  artifactKey: Guid(aed8c47425ab91f4eb06ce6fe47c3e4e) Importer(815301076,1909f56bfc062723c751e8b465ee728b)
Start importing Assets/ExampleAssets/Models/brush_low.fbx using Guid(aed8c47425ab91f4eb06ce6fe47c3e4e) Importer(815301076,1909f56bfc062723c751e8b465ee728b)  -> (artifact id: 'e17a3ed928536de766890a3ca009be5a') in 0.042564 seconds 
  Import took 0.048004 seconds .

========================================================================
Received Import Request.
  Time since last request: 0.000235 seconds.
  path: Assets/Materials/Enemy.mat
  artifactKey: Guid(907d5ba21b87ee140a42f14461085069) Importer(815301076,1909f56bfc062723c751e8b465ee728b)
Start importing Assets/Materials/Enemy.mat using Guid(907d5ba21b87ee140a42f14461085069) Importer(815301076,1909f56bfc062723c751e8b465ee728b)  -> (artifact id: 'bdbb14d6723caaf00baf0f38145e6f6e') in 0.012811 seconds 
  Import took 0.018272 seconds .

========================================================================
Received Import Request.
  Time since last request: 0.000292 seconds.
  path: Assets/AllSkyFree/Cold Sunset/Cold Sunset.mat
  artifactKey: Guid(2d796ced94d61438fbab81b194038162) Importer(815301076,1909f56bfc062723c751e8b465ee728b)
Start importing Assets/AllSkyFree/Cold Sunset/Cold Sunset.mat using Guid(2d796ced94d61438fbab81b194038162) Importer(815301076,1909f56bfc062723c751e8b465ee728b)  -> (artifact id: 'eeca0cd0eaab0482ef715f9a32467e20') in 0.187323 seconds 
  Import took 0.193376 seconds .

========================================================================
Received Import Request.
  Time since last request: 0.000313 seconds.
  path: Assets/Conifers [BOTD]/Render Pipeline Support/Built-in RP/Sources/Billboards/Conifer Medium_BillboardMaterial.mat
  artifactKey: Guid(fc87aa03e15b04f0e881cbf7847f77c4) Importer(815301076,1909f56bfc062723c751e8b465ee728b)
Start importing Assets/Conifers [BOTD]/Render Pipeline Support/Built-in RP/Sources/Billboards/Conifer Medium_BillboardMaterial.mat using Guid(fc87aa03e15b04f0e881cbf7847f77c4) Importer(815301076,1909f56bfc062723c751e8b465ee728b)  -> (artifact id: '4e38693c462f0f850217f4964043ba36') in 0.307866 seconds 
  Import took 0.312730 seconds .

========================================================================
Received Import Request.
  Time since last request: 0.000316 seconds.
  path: Assets/Prefabs/Big Baddie.prefab
  artifactKey: Guid(70d021a338ce52f459344796c4b90f7e) Importer(815301076,1909f56bfc062723c751e8b465ee728b)
Start importing Assets/Prefabs/Big Baddie.prefab using Guid(70d021a338ce52f459344796c4b90f7e) Importer(815301076,1909f56bfc062723c751e8b465ee728b)  -> (artifact id: '21d6b887cd9472bb381439dc349b17dc') in 0.022303 seconds 
  Import took 0.027724 seconds .

========================================================================
Received Import Request.
  Time since last request: 0.000270 seconds.
  path: Assets/Prefabs/Big Explosion.prefab
  artifactKey: Guid(82cf80ea06faf7345829a17345b889a1) Importer(815301076,1909f56bfc062723c751e8b465ee728b)
Start importing Assets/Prefabs/Big Explosion.prefab using Guid(82cf80ea06faf7345829a17345b889a1) Importer(815301076,1909f56bfc062723c751e8b465ee728b)  -> (artifact id: 'a0408c7aa17f2407ff66faab37c64bd1') in 0.023423 seconds 
  Import took 0.028692 seconds .

========================================================================
Received Import Request.
  Time since last request: 0.000240 seconds.
  path: Assets/ExampleAssets/Models/paintbucket_low.fbx
  artifactKey: Guid(b451a052397f03c4f8a04d915d1c0492) Importer(815301076,1909f56bfc062723c751e8b465ee728b)
Start importing Assets/ExampleAssets/Models/paintbucket_low.fbx using Guid(b451a052397f03c4f8a04d915d1c0492) Importer(815301076,1909f56bfc062723c751e8b465ee728b)  -> (artifact id: '85b5dbe800bbc235d1403e193c763b25') in 0.070217 seconds 
  Import took 0.075533 seconds .

========================================================================
Received Import Request.
  Time since last request: 0.000254 seconds.
  path: Assets/Prefabs/Decision Marker.prefab
  artifactKey: Guid(b751e5e04bf791e4884989136f287f47) Importer(815301076,1909f56bfc062723c751e8b465ee728b)
Start importing Assets/Prefabs/Decision Marker.prefab using Guid(b751e5e04bf791e4884989136f287f47) Importer(815301076,1909f56bfc062723c751e8b465ee728b)  -> (artifact id: 'a3ceb71cf69eb453b5c1b183779d9fa4') in 0.089143 seconds 
  Import took 0.094665 seconds .

========================================================================
Received Import Request.
  Time since last request: 0.000251 seconds.
  path: Assets/Prefabs/Explosion Projectile.prefab
  artifactKey: Guid(16873d473b408d44a9a72943070c0fea) Importer(815301076,1909f56bfc062723c751e8b465ee728b)
Start importing Assets/Prefabs/Explosion Projectile.prefab using Guid(16873d473b408d44a9a72943070c0fea) Importer(815301076,1909f56bfc062723c751e8b465ee728b)  -> (artifact id: '28c9a6dbd563b8c9e5d37040fc78a065') in 0.015784 seconds 
  Import took 0.020975 seconds .

========================================================================
Received Import Request.
  Time since last request: 0.000230 seconds.
  path: Assets/Prefabs/Frost Burst.prefab
  artifactKey: Guid(f4952e9f40f3476429d02a6a419c9c84) Importer(815301076,1909f56bfc062723c751e8b465ee728b)
Start importing Assets/Prefabs/Frost Burst.prefab using Guid(f4952e9f40f3476429d02a6a419c9c84) Importer(815301076,1909f56bfc062723c751e8b465ee728b)  -> (artifact id: '3e7b830099033377feb3b0b3281dc3f8') in 0.011344 seconds 
  Import took 0.016379 seconds .

========================================================================
Received Import Request.
  Time since last request: 0.000275 seconds.
  path: Assets/Prefabs/Fire Trail.prefab
  artifactKey: Guid(b91ef34ccff15a147af73174ece29d35) Importer(815301076,1909f56bfc062723c751e8b465ee728b)
Start importing Assets/Prefabs/Fire Trail.prefab using Guid(b91ef34ccff15a147af73174ece29d35) Importer(815301076,1909f56bfc062723c751e8b465ee728b)  -> (artifact id: '650868ba4a2e41f0dbd18cf569e961f2') in 0.017495 seconds 
  Import took 0.023075 seconds .

========================================================================
Received Import Request.
  Time since last request: 0.000315 seconds.
  path: Assets/Prefabs/Flame Thrower.prefab
  artifactKey: Guid(8ce32591152317947967d30b3fabdc9a) Importer(815301076,1909f56bfc062723c751e8b465ee728b)
Start importing Assets/Prefabs/Flame Thrower.prefab using Guid(8ce32591152317947967d30b3fabdc9a) Importer(815301076,1909f56bfc062723c751e8b465ee728b)  -> (artifact id: '96df01fd0190a1112c88485a9fcfd267') in 0.021292 seconds 
  Import took 0.025991 seconds .

========================================================================
Received Import Request.
  Time since last request: 0.000324 seconds.
  path: Assets/Prefabs/Health.prefab
  artifactKey: Guid(f32328ffee6db2040ab180c154a2c82d) Importer(815301076,1909f56bfc062723c751e8b465ee728b)
Start importing Assets/Prefabs/Health.prefab using Guid(f32328ffee6db2040ab180c154a2c82d) Importer(815301076,1909f56bfc062723c751e8b465ee728b)  -> (artifact id: '18251ae4be933f99eb92b1c5a7b8d203') in 0.015411 seconds 
  Import took 0.020155 seconds .

========================================================================
Received Import Request.
  Time since last request: 0.000356 seconds.
  path: Assets/Prefabs/Ice Charge.prefab
  artifactKey: Guid(d4f45973fe76b9945884bd31a797645e) Importer(815301076,1909f56bfc062723c751e8b465ee728b)
Start importing Assets/Prefabs/Ice Charge.prefab using Guid(d4f45973fe76b9945884bd31a797645e) Importer(815301076,1909f56bfc062723c751e8b465ee728b)  -> (artifact id: '136171406f5ede895a9b13507aa12d83') in 0.020611 seconds 
  Import took 0.026185 seconds .

========================================================================
Received Import Request.
  Time since last request: 0.000337 seconds.
  path: Assets/Prefabs/Ice Shards.prefab
  artifactKey: Guid(3ae8dbcc43f30b945a983753a53efc47) Importer(815301076,1909f56bfc062723c751e8b465ee728b)
Start importing Assets/Prefabs/Ice Shards.prefab using Guid(3ae8dbcc43f30b945a983753a53efc47) Importer(815301076,1909f56bfc062723c751e8b465ee728b)  -> (artifact id: '84422370cb540838abf3263270c03001') in 0.018922 seconds 
  Import took 0.024706 seconds .

========================================================================
Received Import Request.
  Time since last request: 0.000241 seconds.
  path: Assets/Prefabs/Fire Ball.prefab
  artifactKey: Guid(997c245c39edafe4083a994fbb7682f7) Importer(815301076,1909f56bfc062723c751e8b465ee728b)
Start importing Assets/Prefabs/Fire Ball.prefab using Guid(997c245c39edafe4083a994fbb7682f7) Importer(815301076,1909f56bfc062723c751e8b465ee728b)  -> (artifact id: '7758c1fb1a41054868b3aba5515bb240') in 0.017710 seconds 
  Import took 0.023899 seconds .

========================================================================
Received Import Request.
  Time since last request: 0.000256 seconds.
  path: Assets/Prefabs/Ice Sword.prefab
  artifactKey: Guid(48ff398523ca7244ca63430ce231a458) Importer(815301076,1909f56bfc062723c751e8b465ee728b)
Start importing Assets/Prefabs/Ice Sword.prefab using Guid(48ff398523ca7244ca63430ce231a458) Importer(815301076,1909f56bfc062723c751e8b465ee728b)  -> (artifact id: 'bed1b4c3b32abcf03202a853fb6da117') in 0.028970 seconds 
  Import took 0.034311 seconds .

========================================================================
Received Import Request.
  Time since last request: 0.000250 seconds.
  path: Assets/Prefabs/Ice Aura.prefab
  artifactKey: Guid(341d8ac8941c2cb43b59f73a1682aa73) Importer(815301076,1909f56bfc062723c751e8b465ee728b)
Start importing Assets/Prefabs/Ice Aura.prefab using Guid(341d8ac8941c2cb43b59f73a1682aa73) Importer(815301076,1909f56bfc062723c751e8b465ee728b)  -> (artifact id: 'a7260a1c1242777df546e4f63696e297') in 0.021732 seconds 
  Import took 0.027314 seconds .

========================================================================
Received Import Request.
  Time since last request: 0.000209 seconds.
  path: Assets/ExampleAssets/Models/Workshop_Set.fbx
  artifactKey: Guid(47616bd0cda748d4cbedcfc908506b9d) Importer(815301076,1909f56bfc062723c751e8b465ee728b)
Start importing Assets/ExampleAssets/Models/Workshop_Set.fbx using Guid(47616bd0cda748d4cbedcfc908506b9d) Importer(815301076,1909f56bfc062723c751e8b465ee728b)  -> (artifact id: '41a365f7efdecd2d4a0bef2f5fc48cd7') in 0.099141 seconds 
  Import took 0.104053 seconds .

========================================================================
Received Import Request.
  Time since last request: 0.000325 seconds.
  path: Assets/ExampleAssets/Prefabs/Construction Light Low.prefab
  artifactKey: Guid(bf0a225a9ff184f2789f3036faaa9150) Importer(815301076,1909f56bfc062723c751e8b465ee728b)
Start importing Assets/ExampleAssets/Prefabs/Construction Light Low.prefab using Guid(bf0a225a9ff184f2789f3036faaa9150) Importer(815301076,1909f56bfc062723c751e8b465ee728b)  -> (artifact id: 'ae36664b4a46c214961b0cff85dbfde1') in 0.015418 seconds 
  Import took 0.021424 seconds .

========================================================================
Received Import Request.
  Time since last request: 0.000316 seconds.
  path: Assets/Prefabs/Cylindy.prefab
  artifactKey: Guid(573fe7aa18e0c3c47bcce0bbe4558457) Importer(815301076,1909f56bfc062723c751e8b465ee728b)
Start importing Assets/Prefabs/Cylindy.prefab using Guid(573fe7aa18e0c3c47bcce0bbe4558457) Importer(815301076,1909f56bfc062723c751e8b465ee728b)  -> (artifact id: 'bc6990cf98f26c051a9b16b213eeb05f') in 0.018098 seconds 
  Import took 0.025048 seconds .

========================================================================
Received Import Request.
  Time since last request: 0.000243 seconds.
  path: Assets/Prefabs/EnemyAttackFire.prefab
  artifactKey: Guid(3cc4e739574a8cb4bb5ae35742f0af53) Importer(815301076,1909f56bfc062723c751e8b465ee728b)
Start importing Assets/Prefabs/EnemyAttackFire.prefab using Guid(3cc4e739574a8cb4bb5ae35742f0af53) Importer(815301076,1909f56bfc062723c751e8b465ee728b)  -> (artifact id: 'a56c78ac1684b886959311b8f5c6468d') in 0.015249 seconds 
  Import took 0.020989 seconds .

========================================================================
Received Import Request.
  Time since last request: 0.000293 seconds.
  path: Assets/AllSkyFree/Overcast Low/AllSky_Overcast4_Low Equirect.mat
  artifactKey: Guid(54fe2f000ad8f424fb63cc3ea0ae2bb2) Importer(815301076,1909f56bfc062723c751e8b465ee728b)
Start importing Assets/AllSkyFree/Overcast Low/AllSky_Overcast4_Low Equirect.mat using Guid(54fe2f000ad8f424fb63cc3ea0ae2bb2) Importer(815301076,1909f56bfc062723c751e8b465ee728b)  -> (artifact id: 'f935c8ba5c92874fd722583a9f8438d9') in 0.033507 seconds 
  Import took 0.040087 seconds .

========================================================================
Received Import Request.
  Time since last request: 0.000217 seconds.
  path: Assets/Prefabs/Enemy.prefab
  artifactKey: Guid(919e2391ce49bd544bc83ba5cf06f37a) Importer(815301076,1909f56bfc062723c751e8b465ee728b)
Start importing Assets/Prefabs/Enemy.prefab using Guid(919e2391ce49bd544bc83ba5cf06f37a) Importer(815301076,1909f56bfc062723c751e8b465ee728b)  -> (artifact id: 'fc3267f77be4b6fc897843b82f672479') in 0.015054 seconds 
  Import took 0.020814 seconds .

========================================================================
Received Import Request.
  Time since last request: 0.000321 seconds.
  path: Assets/ExampleAssets/Models/ConstructionLight_Low.fbx
  artifactKey: Guid(e3ae06a3979f53046aa05330d69de1fa) Importer(815301076,1909f56bfc062723c751e8b465ee728b)
Start importing Assets/ExampleAssets/Models/ConstructionLight_Low.fbx using Guid(e3ae06a3979f53046aa05330d69de1fa) Importer(815301076,1909f56bfc062723c751e8b465ee728b)  -> (artifact id: '85bfdd369dc31c7af5153d7ac09e87bc') in 0.061211 seconds 
  Import took 0.067356 seconds .

========================================================================
Received Import Request.
  Time since last request: 0.000296 seconds.
  path: Assets/Prefabs/Coin.prefab
  artifactKey: Guid(92e950b8bc43dc3438c67906b5c909b1) Importer(815301076,1909f56bfc062723c751e8b465ee728b)
Start importing Assets/Prefabs/Coin.prefab using Guid(92e950b8bc43dc3438c67906b5c909b1) Importer(815301076,1909f56bfc062723c751e8b465ee728b)  -> (artifact id: '58c8ada4321fbde7803f823e66f5574d') in 0.015122 seconds 
  Import took 0.020397 seconds .

========================================================================
Received Import Request.
  Time since last request: 0.000249 seconds.
  path: Assets/Conifers [BOTD]/Render Pipeline Support/Built-in RP/Sources/Billboards/Conifer Tall_BillboardMaterial.mat
  artifactKey: Guid(cb64c4536ee5b445783c428f4a53af1c) Importer(815301076,1909f56bfc062723c751e8b465ee728b)
Start importing Assets/Conifers [BOTD]/Render Pipeline Support/Built-in RP/Sources/Billboards/Conifer Tall_BillboardMaterial.mat using Guid(cb64c4536ee5b445783c428f4a53af1c) Importer(815301076,1909f56bfc062723c751e8b465ee728b)  -> (artifact id: '6053e06b5212f33e1fb7c0f53ed451e8') in 0.017231 seconds 
  Import took 0.022822 seconds .

========================================================================
Received Import Request.
  Time since last request: 0.000219 seconds.
  path: Assets/AllSkyFree/Overcast Low/AllSky_Overcast4_Low.mat
  artifactKey: Guid(f2b5f3f20933f434e850db1b710542fd) Importer(815301076,1909f56bfc062723c751e8b465ee728b)
Start importing Assets/AllSkyFree/Overcast Low/AllSky_Overcast4_Low.mat using Guid(f2b5f3f20933f434e850db1b710542fd) Importer(815301076,1909f56bfc062723c751e8b465ee728b)  -> (artifact id: 'dda6cfda11131f3b30b4dedfe0e26718') in 0.032549 seconds 
  Import took 0.038533 seconds .

========================================================================
Received Import Request.
  Time since last request: 0.000229 seconds.
  path: Assets/AllSkyFree/Epic_GloriousPink/Epic_GloriousPink.mat
  artifactKey: Guid(8b7dd0809c7c6498789fa32a61eaa6cb) Importer(815301076,1909f56bfc062723c751e8b465ee728b)
Start importing Assets/AllSkyFree/Epic_GloriousPink/Epic_GloriousPink.mat using Guid(8b7dd0809c7c6498789fa32a61eaa6cb) Importer(815301076,1909f56bfc062723c751e8b465ee728b)  -> (artifact id: '945fe21b57a617331bcf45e1a4ddfd50') in 0.030324 seconds 
  Import took 0.036131 seconds .

========================================================================
Received Import Request.
  Time since last request: 0.000225 seconds.
  path: Assets/ExampleAssets/Models/Workbench.fbx
  artifactKey: Guid(efe9381559c516743bd05cef82f39ebb) Importer(815301076,1909f56bfc062723c751e8b465ee728b)
Start importing Assets/ExampleAssets/Models/Workbench.fbx using Guid(efe9381559c516743bd05cef82f39ebb) Importer(815301076,1909f56bfc062723c751e8b465ee728b)  -> (artifact id: 'dbb70b2109e563381c1b2540d37fd680') in 0.099896 seconds 
  Import took 0.106098 seconds .

========================================================================
Received Import Request.
  Time since last request: 0.000282 seconds.
  path: Assets/Materials/Coin.mat
  artifactKey: Guid(1d8cc0e87cbf0da4eb86b1b578cc9a3f) Importer(815301076,1909f56bfc062723c751e8b465ee728b)
Start importing Assets/Materials/Coin.mat using Guid(1d8cc0e87cbf0da4eb86b1b578cc9a3f) Importer(815301076,1909f56bfc062723c751e8b465ee728b)  -> (artifact id: '0b38e75c341ea2d638514d557e0af6d7') in 0.011816 seconds 
  Import took 0.017228 seconds .

========================================================================
Received Import Request.
  Time since last request: 0.000296 seconds.
  path: Assets/Conifers [BOTD]/Render Pipeline Support/Built-in RP/Sources/Billboards/Conifer Small_BillboardMaterial.mat
  artifactKey: Guid(fba25871281c3416cbb4faf8edfb3a1c) Importer(815301076,1909f56bfc062723c751e8b465ee728b)
Start importing Assets/Conifers [BOTD]/Render Pipeline Support/Built-in RP/Sources/Billboards/Conifer Small_BillboardMaterial.mat using Guid(fba25871281c3416cbb4faf8edfb3a1c) Importer(815301076,1909f56bfc062723c751e8b465ee728b)  -> (artifact id: 'e12f24cfd5ff712dfa022e05006ca382') in 0.015143 seconds 
  Import took 0.021017 seconds .

========================================================================
Received Import Request.
  Time since last request: 0.000223 seconds.
  path: Assets/Prefabs/Ice Trail.prefab
  artifactKey: Guid(90fb373ee292e3f45933156f7ebba3a9) Importer(815301076,1909f56bfc062723c751e8b465ee728b)
Start importing Assets/Prefabs/Ice Trail.prefab using Guid(90fb373ee292e3f45933156f7ebba3a9) Importer(815301076,1909f56bfc062723c751e8b465ee728b)  -> (artifact id: '4c6dd61d3bf4ad32da400df5cf320e91') in 0.019101 seconds 
  Import took 0.025122 seconds .

========================================================================
Received Import Request.
  Time since last request: 0.000247 seconds.
  path: Assets/Conifers [BOTD]/Render Pipeline Support/Built-in RP/Sources/Billboards/Conifer Bare_BillboardMaterial.mat
  artifactKey: Guid(be7cd6e9ad58a462a91b1cae7694ef4c) Importer(815301076,1909f56bfc062723c751e8b465ee728b)
Start importing Assets/Conifers [BOTD]/Render Pipeline Support/Built-in RP/Sources/Billboards/Conifer Bare_BillboardMaterial.mat using Guid(be7cd6e9ad58a462a91b1cae7694ef4c) Importer(815301076,1909f56bfc062723c751e8b465ee728b)  -> (artifact id: '734f0841716d32bc3de5a73b4c590a10') in 0.015392 seconds 
  Import took 0.021237 seconds .

========================================================================
Received Import Request.
  Time since last request: 0.000259 seconds.
  path: Assets/Prefabs/Fire Aura.prefab
  artifactKey: Guid(7ce92d625126cd74aae714839475527e) Importer(815301076,1909f56bfc062723c751e8b465ee728b)
Start importing Assets/Prefabs/Fire Aura.prefab using Guid(7ce92d625126cd74aae714839475527e) Importer(815301076,1909f56bfc062723c751e8b465ee728b)  -> (artifact id: '65477479077a02723158dfb709336868') in 0.085787 seconds 
  Import took 0.091188 seconds .

========================================================================
Received Import Request.
  Time since last request: 0.000316 seconds.
  path: Assets/ExampleAssets/Materials/DryWallPainted_Mat.mat
  artifactKey: Guid(9b8eadc4de0544646b75ddcc43f8fd06) Importer(815301076,1909f56bfc062723c751e8b465ee728b)
Start importing Assets/ExampleAssets/Materials/DryWallPainted_Mat.mat using Guid(9b8eadc4de0544646b75ddcc43f8fd06) Importer(815301076,1909f56bfc062723c751e8b465ee728b)  -> (artifact id: '74f8c3d91d577c3fb522116d08042e9c') in 0.016288 seconds 
  Import took 0.021781 seconds .

========================================================================
Received Import Request.
  Time since last request: 0.000238 seconds.
  path: Assets/Prefabs/Ember Burst.prefab
  artifactKey: Guid(13f021ca8a70dfc4d8ac9e6ee54c553d) Importer(815301076,1909f56bfc062723c751e8b465ee728b)
Start importing Assets/Prefabs/Ember Burst.prefab using Guid(13f021ca8a70dfc4d8ac9e6ee54c553d) Importer(815301076,1909f56bfc062723c751e8b465ee728b)  -> (artifact id: 'a5c15acdf8c47b207a6e7d06b7012acb') in 0.012620 seconds 
  Import took 0.018286 seconds .

========================================================================
Received Import Request.
  Time since last request: 0.000316 seconds.
  path: Assets/ExampleAssets/Models/Workbench_Low.fbx
  artifactKey: Guid(ff6dc36862fe41641bb21568d92147c9) Importer(815301076,1909f56bfc062723c751e8b465ee728b)
Start importing Assets/ExampleAssets/Models/Workbench_Low.fbx using Guid(ff6dc36862fe41641bb21568d92147c9) Importer(815301076,1909f56bfc062723c751e8b465ee728b)  -> (artifact id: '23ca2e5251d9104a3d5eae32a1af14ef') in 0.096273 seconds 
  Import took 0.102029 seconds .

========================================================================
Received Import Request.
  Time since last request: 0.000254 seconds.
  path: Assets/ExampleAssets/Models/safetyhat_low.fbx
  artifactKey: Guid(9d0d902f71acfe646a46cb625f815a49) Importer(815301076,1909f56bfc062723c751e8b465ee728b)
Start importing Assets/ExampleAssets/Models/safetyhat_low.fbx using Guid(9d0d902f71acfe646a46cb625f815a49) Importer(815301076,1909f56bfc062723c751e8b465ee728b)  -> (artifact id: '9dd6ccd66195d588420e160fe2072a42') in 0.030569 seconds 
  Import took 0.035501 seconds .

========================================================================
Received Import Request.
  Time since last request: 0.000236 seconds.
  path: Assets/Prefabs/Ice Sniper.prefab
  artifactKey: Guid(bdd3db29e874e7b4fb5753be477e3349) Importer(815301076,1909f56bfc062723c751e8b465ee728b)
Start importing Assets/Prefabs/Ice Sniper.prefab using Guid(bdd3db29e874e7b4fb5753be477e3349) Importer(815301076,1909f56bfc062723c751e8b465ee728b)  -> (artifact id: '2cb8bf39f940fdaa1fb6904a7734e7a9') in 0.019288 seconds 
  Import took 0.024834 seconds .

========================================================================
Received Import Request.
  Time since last request: 0.000262 seconds.
  path: Assets/ExampleAssets/Models/small_plane.fbx
  artifactKey: Guid(aeaee610429f51f44981e141eb2a3545) Importer(815301076,1909f56bfc062723c751e8b465ee728b)
Start importing Assets/ExampleAssets/Models/small_plane.fbx using Guid(aeaee610429f51f44981e141eb2a3545) Importer(815301076,1909f56bfc062723c751e8b465ee728b)  -> (artifact id: '7cf260f9d340d4c86b9dfa349e54689b') in 0.023036 seconds 
  Import took 0.028296 seconds .

========================================================================
Received Import Request.
  Time since last request: 18.214248 seconds.
  path: Assets/Scenes
  artifactKey: Guid(e9bf578990f620e4caaedd3e97375450) Importer(815301076,1909f56bfc062723c751e8b465ee728b)
Start importing Assets/Scenes using Guid(e9bf578990f620e4caaedd3e97375450) Importer(815301076,1909f56bfc062723c751e8b465ee728b)  -> (artifact id: '539fccb1c843b535635807dde87c2442') in 0.003590 seconds 
  Import took 0.009196 seconds .

========================================================================
Received Import Request.
  Time since last request: 2.000425 seconds.
  path: Assets/Scenes/MT's Playground 1.unity
  artifactKey: Guid(90aec0c4d50c7f441afb114bf527d2a8) Importer(815301076,1909f56bfc062723c751e8b465ee728b)
Start importing Assets/Scenes/MT's Playground 1.unity using Guid(90aec0c4d50c7f441afb114bf527d2a8) Importer(815301076,1909f56bfc062723c751e8b465ee728b)  -> (artifact id: 'a626a0e0ada5532c217b5eae7c07495e') in 0.003744 seconds 
  Import took 0.009292 seconds .

========================================================================
Received Import Request.
  Time since last request: 29.828675 seconds.
  path: Assets/Prefabs/Icicle Rain Projectile.prefab
  artifactKey: Guid(f01db8ef84c9f6341827c8e230a72863) Importer(815301076,1909f56bfc062723c751e8b465ee728b)
Start importing Assets/Prefabs/Icicle Rain Projectile.prefab using Guid(f01db8ef84c9f6341827c8e230a72863) Importer(815301076,1909f56bfc062723c751e8b465ee728b)  -> (artifact id: '30c78052aaaf0713f2f95b7c327e4550') in 0.024308 seconds 
  Import took 0.033277 seconds .

========================================================================
Received Import Request.
  Time since last request: 0.000264 seconds.
  path: Assets/Prefabs/Mana.prefab
  artifactKey: Guid(ae5b20ec48b1c234281559305947fa73) Importer(815301076,1909f56bfc062723c751e8b465ee728b)
Start importing Assets/Prefabs/Mana.prefab using Guid(ae5b20ec48b1c234281559305947fa73) Importer(815301076,1909f56bfc062723c751e8b465ee728b)  -> (artifact id: '87134fb5b4952fcf34a11b4f3fcce2c9') in 0.012244 seconds 
  Import took 0.017476 seconds .

========================================================================
Received Import Request.
  Time since last request: 0.000339 seconds.
  path: Assets/Prefabs/Tiny Explosion.prefab
  artifactKey: Guid(cfd800322ab73b14f91deba74f8a6860) Importer(815301076,1909f56bfc062723c751e8b465ee728b)
Start importing Assets/Prefabs/Tiny Explosion.prefab using Guid(cfd800322ab73b14f91deba74f8a6860) Importer(815301076,1909f56bfc062723c751e8b465ee728b)  -> (artifact id: 'e297aee8e8d3119575d9da40682bc889') in 0.027598 seconds 
  Import took 0.034400 seconds .

========================================================================
Received Import Request.
  Time since last request: 0.000303 seconds.
  path: Assets/Prefabs/Icicle Rain.prefab
  artifactKey: Guid(489920bcc085c5348a3f865165db86f5) Importer(815301076,1909f56bfc062723c751e8b465ee728b)
Start importing Assets/Prefabs/Icicle Rain.prefab using Guid(489920bcc085c5348a3f865165db86f5) Importer(815301076,1909f56bfc062723c751e8b465ee728b)  -> (artifact id: 'd3142b45b5de92bdf5c918b20249cfe2') in 0.037916 seconds 
  Import took 0.047271 seconds .

========================================================================
Received Import Request.
  Time since last request: 0.000258 seconds.
  path: Assets/Prefabs/Jump Burst.prefab
  artifactKey: Guid(ab914d40641f53d40bfa48a867e83fde) Importer(815301076,1909f56bfc062723c751e8b465ee728b)
Start importing Assets/Prefabs/Jump Burst.prefab using Guid(ab914d40641f53d40bfa48a867e83fde) Importer(815301076,1909f56bfc062723c751e8b465ee728b)  -> (artifact id: 'b78e0b1dcca7d328a47bcfa3a508926d') in 0.013945 seconds 
  Import took 0.019693 seconds .

========================================================================
Received Import Request.
  Time since last request: 0.000256 seconds.
  path: Assets/Prefabs/Spooky circle.prefab
  artifactKey: Guid(97a09bac018f73f458bbbb6d5b12fab0) Importer(815301076,1909f56bfc062723c751e8b465ee728b)
Start importing Assets/Prefabs/Spooky circle.prefab using Guid(97a09bac018f73f458bbbb6d5b12fab0) Importer(815301076,1909f56bfc062723c751e8b465ee728b)  -> (artifact id: 'b336944298e5c97e894250e28fd028d0') in 0.017678 seconds 
  Import took 0.023749 seconds .

========================================================================
Received Import Request.
  Time since last request: 0.000305 seconds.
  path: Assets/Prefabs/Lanky Swanky.prefab
  artifactKey: Guid(385b8d7cafb032d4686be32362514d58) Importer(815301076,1909f56bfc062723c751e8b465ee728b)
Start importing Assets/Prefabs/Lanky Swanky.prefab using Guid(385b8d7cafb032d4686be32362514d58) Importer(815301076,1909f56bfc062723c751e8b465ee728b)  -> (artifact id: '96139b472af83715ee7b36949c76e9ce') in 0.099612 seconds 
  Import took 0.106873 seconds .

========================================================================
Received Prepare
Registering precompiled user dll's ...
Registered in 0.007729 seconds.
Begin MonoManager ReloadAssembly
Native extension for WindowsStandalone target not found
Refreshing native plugins compatible for Editor in 0.82 ms, found 2 plugins.
Preloading 0 native plugins for Editor in 0.00 ms.
Mono: successfully reloaded assembly
- Completed reload, in  1.449 seconds
Domain Reload Profiling:
	ReloadAssembly (1450ms)
		BeginReloadAssembly (164ms)
			ExecutionOrderSort (0ms)
			DisableScriptedObjects (7ms)
			BackupInstance (0ms)
			ReleaseScriptingObjects (0ms)
			CreateAndSetChildDomain (43ms)
		EndReloadAssembly (1210ms)
			LoadAssemblies (149ms)
			RebuildTransferFunctionScriptingTraits (0ms)
			SetupTypeCache (475ms)
			ReleaseScriptCaches (2ms)
			RebuildScriptCaches (58ms)
			SetupLoadedEditorAssemblies (410ms)
				LogAssemblyErrors (0ms)
				InitializePlatformSupportModulesInManaged (6ms)
				SetLoadedEditorAssemblies (1ms)
				RefreshPlugins (1ms)
				BeforeProcessingInitializeOnLoad (89ms)
				ProcessInitializeOnLoadAttributes (295ms)
				ProcessInitializeOnLoadMethodAttributes (15ms)
				AfterProcessingInitializeOnLoad (3ms)
				EditorAssembliesLoaded (0ms)
			ExecutionOrderSort2 (0ms)
			AwakeInstancesAfterBackupRestoration (9ms)
Platform modules already initialized, skipping
Refreshing native plugins compatible for Editor in 1.41 ms, found 2 plugins.
Preloading 0 native plugins for Editor in 0.00 ms.
Unloading 2912 Unused Serialized files (Serialized files now loaded: 0)
System memory in use before: 234.7 MB.
System memory in use after: 234.9 MB.

Unloading 21 unused Assets to reduce memory usage. Loaded Objects now: 3537.
Total: 4.758600 ms (FindLiveObjects: 0.367000 ms CreateObjectMapping: 0.097600 ms MarkObjects: 4.156700 ms  DeleteObjects: 0.135500 ms)

AssetImportParameters requested are different than current active one (requested -> active):
  custom:framework-win-MediaFoundation: 216162199b28c13a410421893ffa2e32 -> 
  custom:video-decoder-ogg-theora: a1e56fd34408186e4bbccfd4996cb3dc -> 
  custom:container-muxer-webm: aa71ff27fc2769a1b78a27578f13a17b -> 
  custom:container-demuxer-webm: 4f35f7cbe854078d1ac9338744f61a02 -> 
  custom:container-demuxer-ogg: 62fdf1f143b41e24485cea50d1cbac27 -> 
  custom:video-encoder-webm-vp8: eb34c28f22e8b96e1ab97ce403110664 -> 
  custom:video-decoder-webm-vp8: 9c59270c3fd7afecdb556c50c9e8de78 -> 
  custom:audio-decoder-ogg-vorbis: bf7c407c2cedff20999df2af8eb42d56 -> 
  custom:audio-encoder-webm-vorbis: bf7c407c2cedff20999df2af8eb42d56 -> 
========================================================================
Received Import Request.
  Time since last request: 170.261315 seconds.
  path: Assets/Prefabs/Icicle Rain.prefab
  artifactKey: Guid(489920bcc085c5348a3f865165db86f5) Importer(815301076,1909f56bfc062723c751e8b465ee728b)
Start importing Assets/Prefabs/Icicle Rain.prefab using Guid(489920bcc085c5348a3f865165db86f5) Importer(815301076,1909f56bfc062723c751e8b465ee728b)  -> (artifact id: 'b2264a65d4bc61198bb60abecd6d6c23') in 0.115295 seconds 
  Import took 0.125046 seconds .

========================================================================
Received Prepare
Registering precompiled user dll's ...
Registered in 0.009967 seconds.
Begin MonoManager ReloadAssembly
Native extension for WindowsStandalone target not found
Refreshing native plugins compatible for Editor in 0.96 ms, found 2 plugins.
Preloading 0 native plugins for Editor in 0.00 ms.
Mono: successfully reloaded assembly
- Completed reload, in  1.425 seconds
Domain Reload Profiling:
	ReloadAssembly (1425ms)
		BeginReloadAssembly (181ms)
			ExecutionOrderSort (0ms)
			DisableScriptedObjects (8ms)
			BackupInstance (0ms)
			ReleaseScriptingObjects (0ms)
			CreateAndSetChildDomain (52ms)
		EndReloadAssembly (1168ms)
			LoadAssemblies (152ms)
			RebuildTransferFunctionScriptingTraits (0ms)
			SetupTypeCache (453ms)
			ReleaseScriptCaches (2ms)
			RebuildScriptCaches (54ms)
			SetupLoadedEditorAssemblies (401ms)
				LogAssemblyErrors (0ms)
				InitializePlatformSupportModulesInManaged (6ms)
				SetLoadedEditorAssemblies (1ms)
				RefreshPlugins (1ms)
				BeforeProcessingInitializeOnLoad (88ms)
				ProcessInitializeOnLoadAttributes (286ms)
				ProcessInitializeOnLoadMethodAttributes (15ms)
				AfterProcessingInitializeOnLoad (3ms)
				EditorAssembliesLoaded (0ms)
			ExecutionOrderSort2 (0ms)
			AwakeInstancesAfterBackupRestoration (10ms)
Platform modules already initialized, skipping
Refreshing native plugins compatible for Editor in 1.53 ms, found 2 plugins.
Preloading 0 native plugins for Editor in 0.00 ms.
Unloading 2912 Unused Serialized files (Serialized files now loaded: 0)
System memory in use before: 234.7 MB.
System memory in use after: 234.9 MB.

Unloading 16 unused Assets to reduce memory usage. Loaded Objects now: 3540.
Total: 6.187800 ms (FindLiveObjects: 0.617900 ms CreateObjectMapping: 0.154800 ms MarkObjects: 5.294600 ms  DeleteObjects: 0.118500 ms)

AssetImportParameters requested are different than current active one (requested -> active):
  custom:framework-win-MediaFoundation: 216162199b28c13a410421893ffa2e32 -> 
  custom:video-decoder-ogg-theora: a1e56fd34408186e4bbccfd4996cb3dc -> 
  custom:container-muxer-webm: aa71ff27fc2769a1b78a27578f13a17b -> 
  custom:container-demuxer-webm: 4f35f7cbe854078d1ac9338744f61a02 -> 
  custom:container-demuxer-ogg: 62fdf1f143b41e24485cea50d1cbac27 -> 
  custom:video-encoder-webm-vp8: eb34c28f22e8b96e1ab97ce403110664 -> 
  custom:video-decoder-webm-vp8: 9c59270c3fd7afecdb556c50c9e8de78 -> 
  custom:audio-decoder-ogg-vorbis: bf7c407c2cedff20999df2af8eb42d56 -> 
  custom:audio-encoder-webm-vorbis: bf7c407c2cedff20999df2af8eb42d56 -> 
========================================================================
Received Prepare
Registering precompiled user dll's ...
Registered in 0.007892 seconds.
Begin MonoManager ReloadAssembly
Native extension for WindowsStandalone target not found
Refreshing native plugins compatible for Editor in 0.78 ms, found 2 plugins.
Preloading 0 native plugins for Editor in 0.00 ms.
Mono: successfully reloaded assembly
- Completed reload, in  1.196 seconds
Domain Reload Profiling:
	ReloadAssembly (1196ms)
		BeginReloadAssembly (158ms)
			ExecutionOrderSort (0ms)
			DisableScriptedObjects (7ms)
			BackupInstance (0ms)
			ReleaseScriptingObjects (0ms)
			CreateAndSetChildDomain (42ms)
		EndReloadAssembly (965ms)
			LoadAssemblies (141ms)
			RebuildTransferFunctionScriptingTraits (0ms)
			SetupTypeCache (353ms)
			ReleaseScriptCaches (1ms)
			RebuildScriptCaches (46ms)
			SetupLoadedEditorAssemblies (346ms)
				LogAssemblyErrors (0ms)
				InitializePlatformSupportModulesInManaged (5ms)
				SetLoadedEditorAssemblies (1ms)
				RefreshPlugins (1ms)
				BeforeProcessingInitializeOnLoad (74ms)
				ProcessInitializeOnLoadAttributes (251ms)
				ProcessInitializeOnLoadMethodAttributes (11ms)
				AfterProcessingInitializeOnLoad (3ms)
				EditorAssembliesLoaded (0ms)
			ExecutionOrderSort2 (0ms)
			AwakeInstancesAfterBackupRestoration (8ms)
Platform modules already initialized, skipping
Refreshing native plugins compatible for Editor in 0.78 ms, found 2 plugins.
Preloading 0 native plugins for Editor in 0.00 ms.
Unloading 2912 Unused Serialized files (Serialized files now loaded: 0)
System memory in use before: 234.8 MB.
System memory in use after: 234.9 MB.

Unloading 16 unused Assets to reduce memory usage. Loaded Objects now: 3542.
Total: 4.306600 ms (FindLiveObjects: 0.361800 ms CreateObjectMapping: 0.106100 ms MarkObjects: 3.734600 ms  DeleteObjects: 0.102800 ms)

AssetImportParameters requested are different than current active one (requested -> active):
  custom:framework-win-MediaFoundation: 216162199b28c13a410421893ffa2e32 -> 
  custom:video-decoder-ogg-theora: a1e56fd34408186e4bbccfd4996cb3dc -> 
  custom:container-muxer-webm: aa71ff27fc2769a1b78a27578f13a17b -> 
  custom:container-demuxer-webm: 4f35f7cbe854078d1ac9338744f61a02 -> 
  custom:container-demuxer-ogg: 62fdf1f143b41e24485cea50d1cbac27 -> 
  custom:video-encoder-webm-vp8: eb34c28f22e8b96e1ab97ce403110664 -> 
  custom:video-decoder-webm-vp8: 9c59270c3fd7afecdb556c50c9e8de78 -> 
  custom:audio-decoder-ogg-vorbis: bf7c407c2cedff20999df2af8eb42d56 -> 
  custom:audio-encoder-webm-vorbis: bf7c407c2cedff20999df2af8eb42d56 -> 
========================================================================
Received Import Request.
  Time since last request: 273.622124 seconds.
  path: Assets/Prefabs/Cylindy.prefab
  artifactKey: Guid(573fe7aa18e0c3c47bcce0bbe4558457) Importer(815301076,1909f56bfc062723c751e8b465ee728b)
Start importing Assets/Prefabs/Cylindy.prefab using Guid(573fe7aa18e0c3c47bcce0bbe4558457) Importer(815301076,1909f56bfc062723c751e8b465ee728b)  -> (artifact id: 'afa9a13d9d8d0a6f4af15647923e19a8') in 0.070827 seconds 
  Import took 0.076555 seconds .

========================================================================
Received Import Request.
  Time since last request: 0.000359 seconds.
  path: Assets/Prefabs/Enemy.prefab
  artifactKey: Guid(919e2391ce49bd544bc83ba5cf06f37a) Importer(815301076,1909f56bfc062723c751e8b465ee728b)
Start importing Assets/Prefabs/Enemy.prefab using Guid(919e2391ce49bd544bc83ba5cf06f37a) Importer(815301076,1909f56bfc062723c751e8b465ee728b)  -> (artifact id: '590740d233eb994613254de3f670f8f6') in 0.016773 seconds 
  Import took 0.022502 seconds .

========================================================================
Received Import Request.
  Time since last request: 0.000233 seconds.
  path: Assets/Prefabs/Spooky circle.prefab
  artifactKey: Guid(97a09bac018f73f458bbbb6d5b12fab0) Importer(815301076,1909f56bfc062723c751e8b465ee728b)
Start importing Assets/Prefabs/Spooky circle.prefab using Guid(97a09bac018f73f458bbbb6d5b12fab0) Importer(815301076,1909f56bfc062723c751e8b465ee728b)  -> (artifact id: '8fc6e7d7a0507178f8d69a6a5ad88527') in 0.025672 seconds 
  Import took 0.031912 seconds .

========================================================================
Received Import Request.
  Time since last request: 0.000250 seconds.
  path: Assets/Prefabs/Lanky Swanky.prefab
  artifactKey: Guid(385b8d7cafb032d4686be32362514d58) Importer(815301076,1909f56bfc062723c751e8b465ee728b)
Start importing Assets/Prefabs/Lanky Swanky.prefab using Guid(385b8d7cafb032d4686be32362514d58) Importer(815301076,1909f56bfc062723c751e8b465ee728b)  -> (artifact id: 'a4503ccc261d65802d0d6173089c2320') in 0.098526 seconds 
  Import took 0.106163 seconds .

========================================================================
Received Import Request.
  Time since last request: 0.000237 seconds.
  path: Assets/Prefabs/Big Baddie.prefab
  artifactKey: Guid(70d021a338ce52f459344796c4b90f7e) Importer(815301076,1909f56bfc062723c751e8b465ee728b)
Start importing Assets/Prefabs/Big Baddie.prefab using Guid(70d021a338ce52f459344796c4b90f7e) Importer(815301076,1909f56bfc062723c751e8b465ee728b)  -> (artifact id: '7a0aafd9dc4e944e48a6f5631e945068') in 0.016958 seconds 
  Import took 0.023146 seconds .

========================================================================
Received Prepare
Registering precompiled user dll's ...
Registered in 0.008156 seconds.
Begin MonoManager ReloadAssembly
Native extension for WindowsStandalone target not found
Refreshing native plugins compatible for Editor in 0.81 ms, found 2 plugins.
Preloading 0 native plugins for Editor in 0.00 ms.
Mono: successfully reloaded assembly
- Completed reload, in  1.438 seconds
Domain Reload Profiling:
	ReloadAssembly (1439ms)
		BeginReloadAssembly (167ms)
			ExecutionOrderSort (0ms)
			DisableScriptedObjects (8ms)
			BackupInstance (0ms)
			ReleaseScriptingObjects (0ms)
			CreateAndSetChildDomain (44ms)
		EndReloadAssembly (1190ms)
			LoadAssemblies (154ms)
			RebuildTransferFunctionScriptingTraits (0ms)
			SetupTypeCache (457ms)
			ReleaseScriptCaches (2ms)
			RebuildScriptCaches (58ms)
			SetupLoadedEditorAssemblies (402ms)
				LogAssemblyErrors (0ms)
				InitializePlatformSupportModulesInManaged (6ms)
				SetLoadedEditorAssemblies (1ms)
				RefreshPlugins (1ms)
				BeforeProcessingInitializeOnLoad (87ms)
				ProcessInitializeOnLoadAttributes (290ms)
				ProcessInitializeOnLoadMethodAttributes (14ms)
				AfterProcessingInitializeOnLoad (3ms)
				EditorAssembliesLoaded (0ms)
			ExecutionOrderSort2 (0ms)
			AwakeInstancesAfterBackupRestoration (10ms)
Platform modules already initialized, skipping
Refreshing native plugins compatible for Editor in 1.99 ms, found 2 plugins.
Preloading 0 native plugins for Editor in 0.00 ms.
Unloading 2912 Unused Serialized files (Serialized files now loaded: 0)
System memory in use before: 234.8 MB.
System memory in use after: 235.0 MB.

Unloading 16 unused Assets to reduce memory usage. Loaded Objects now: 3545.
Total: 5.877500 ms (FindLiveObjects: 0.547200 ms CreateObjectMapping: 0.135000 ms MarkObjects: 5.021300 ms  DeleteObjects: 0.171200 ms)

AssetImportParameters requested are different than current active one (requested -> active):
  custom:framework-win-MediaFoundation: 216162199b28c13a410421893ffa2e32 -> 
  custom:video-decoder-ogg-theora: a1e56fd34408186e4bbccfd4996cb3dc -> 
  custom:container-muxer-webm: aa71ff27fc2769a1b78a27578f13a17b -> 
  custom:container-demuxer-webm: 4f35f7cbe854078d1ac9338744f61a02 -> 
  custom:container-demuxer-ogg: 62fdf1f143b41e24485cea50d1cbac27 -> 
  custom:video-encoder-webm-vp8: eb34c28f22e8b96e1ab97ce403110664 -> 
  custom:video-decoder-webm-vp8: 9c59270c3fd7afecdb556c50c9e8de78 -> 
  custom:audio-decoder-ogg-vorbis: bf7c407c2cedff20999df2af8eb42d56 -> 
  custom:audio-encoder-webm-vorbis: bf7c407c2cedff20999df2af8eb42d56 -> 
AssetImportWorkerClient::OnTransportError - code=2 error=End of file
